<?xml version="1.0" encoding="UTF-8"?>
<!-- Generated by org.testng.reporters.JUnitReportReporter -->
<testsuite skipped="0" hostname="LAPTOP-3S4C4TQU" name="com.flipkart.businessScripts.Flipkart_AddToCart" tests="1" failures="0" timestamp="29 Mar 2019 10:06:49 GMT" time="12.776" errors="0">
  <testcase name="Flipkart_AddToCartFlow" time="12.776" classname="com.flipkart.businessScripts.Flipkart_AddToCart"/>
</testsuite> <!-- com.flipkart.businessScripts.Flipkart_AddToCart -->
